#
# There is insufficient memory for the Java Runtime Environment to continue.
# Native memory allocation (malloc) failed to allocate 1048576 bytes. Error detail: AllocateHeap
# Possible reasons:
#   The system is out of physical RAM or swap space
#   This process is running with CompressedOops enabled, and the Java Heap may be blocking the growth of the native heap
# Possible solutions:
#   Reduce memory load on the system
#   Increase physical memory or swap space
#   Check if swap backing store is full
#   Decrease Java heap size (-Xmx/-Xms)
#   Decrease number of Java threads
#   Decrease Java thread stack sizes (-Xss)
#   Set larger code cache with -XX:ReservedCodeCacheSize=
#   JVM is running with Unscaled Compressed Oops mode in which the Java heap is
#     placed in the first 4GB address space. The Java Heap base address is the
#     maximum limit for the native heap growth. Please use -XX:HeapBaseMinAddress
#     to set the Java Heap base and to place the Java Heap above 4GB virtual address.
# This output file may be truncated or incomplete.
#
#  Out of Memory Error (allocation.cpp:44), pid=15848, tid=35624
#
# JRE version: OpenJDK Runtime Environment Temurin-21.0.10+7 (21.0.10+7) (build 21.0.10+7-LTS)
# Java VM: OpenJDK 64-Bit Server VM Temurin-21.0.10+7 (21.0.10+7-LTS, mixed mode, sharing, tiered, compressed oops, compressed class ptrs, parallel gc, windows-amd64)
# No core dump will be written. Minidumps are not enabled by default on client versions of Windows
#

---------------  S U M M A R Y ------------

Command Line: --add-modules=ALL-SYSTEM --add-opens=java.base/java.util=ALL-UNNAMED --add-opens=java.base/java.lang=ALL-UNNAMED --add-opens=java.base/sun.nio.fs=ALL-UNNAMED -Declipse.application=org.eclipse.jdt.ls.core.id1 -Dosgi.bundles.defaultStartLevel=4 -Declipse.product=org.eclipse.jdt.ls.core.product -Djava.import.generatesMetadataFilesAtProjectRoot=false -DDetectVMInstallationsJob.disabled=true -Dfile.encoding=utf8 -XX:+UseParallelGC -XX:GCTimeRatio=4 -XX:AdaptiveSizePolicyWeight=90 -Dsun.zip.disableMemoryMapping=true -Xmx2G -Xms100m -Xlog:disable -javaagent:c:\Users\xee\.vscode\extensions\redhat.java-1.53.0-win32-x64\lombok\lombok-1.18.39-4050.jar -XX:+HeapDumpOnOutOfMemoryError -XX:HeapDumpPath=c:\Users\xee\AppData\Roaming\Code\User\workspaceStorage\bb70551b959d2372c7716e9d4e753933\redhat.java -Daether.dependencyCollector.impl=bf c:\Users\xee\.vscode\extensions\redhat.java-1.53.0-win32-x64\server\plugins\org.eclipse.equinox.launcher_1.7.100.v20251111-0406.jar -configuration c:\Users\xee\AppData\Roaming\Code\User\globalStorage\redhat.java\1.53.0\config_win -data c:\Users\xee\AppData\Roaming\Code\User\workspaceStorage\bb70551b959d2372c7716e9d4e753933\redhat.java\jdt_ws --pipe=\\.\pipe\lsp-e64d5d99c4bfb8b463507160d71b16ff-sock

Host: 11th Gen Intel(R) Core(TM) i5-11320H @ 3.20GHz, 8 cores, 15G,  Windows 11 , 64 bit Build 26100 (10.0.26100.7920)
Time: Fri Mar 20 17:57:18 2026 elapsed time: 7688.775472 seconds (0d 2h 8m 8s)

---------------  T H R E A D  ---------------

Current thread (0x000002731c3b4b30):  JavaThread "Attach Listener" daemon [_thread_in_vm, id=35624, stack(0x000000ebd4100000,0x000000ebd4200000) (1024K)]

Stack: [0x000000ebd4100000,0x000000ebd4200000]
Native frames: (J=compiled Java code, j=interpreted, Vv=VM code, C=native code)
V  [jvm.dll+0x6d7a39]
V  [jvm.dll+0x8b4b26]
V  [jvm.dll+0x8b70de]
V  [jvm.dll+0x8b77c3]
V  [jvm.dll+0x284346]
V  [jvm.dll+0xc1277]
V  [jvm.dll+0x6d82e9]
V  [jvm.dll+0x1334a6]
V  [jvm.dll+0x3f857e]
V  [jvm.dll+0x85f59d]
V  [jvm.dll+0x6d626d]
C  [ucrtbase.dll+0x37b0]
C  [KERNEL32.DLL+0x2e8d7]
C  [ntdll.dll+0x8c48c]


---------------  P R O C E S S  ---------------

Threads class SMR info:
_java_thread_list=0x0000027371e2a910, length=35, elements={
0x0000027305939720, 0x000002731c3aa9e0, 0x000002731c3ae5d0, 0x000002731c3b3620,
0x000002731c3b4b30, 0x000002731c3b5880, 0x000002731c3b83e0, 0x000002731c3bb320,
0x000002731c3c2160, 0x00000273631cb170, 0x00000273633332f0, 0x0000027363b74430,
0x0000027363d12fc0, 0x0000027363d0fb40, 0x0000027363d10860, 0x0000027363d11580,
0x0000027363d10ef0, 0x0000027363d122a0, 0x00000273637c2c50, 0x00000273637c18a0,
0x00000273637c4000, 0x00000273637c0b80, 0x00000273637c5a40, 0x00000273637c7b10,
0x00000273637c7480, 0x00000273637c4690, 0x00000273637c4d20, 0x00000273637c60d0,
0x00000273637c6760, 0x00000273637c53b0, 0x0000027367792380, 0x0000027367791660,
0x00000273660bcf40, 0x000002736559a4a0, 0x00000273637c32e0
}

Java Threads: ( => current thread )
  0x0000027305939720 JavaThread "main"                              [_thread_blocked, id=35792, stack(0x000000ebd3a00000,0x000000ebd3b00000) (1024K)]
  0x000002731c3aa9e0 JavaThread "Reference Handler"          daemon [_thread_blocked, id=27904, stack(0x000000ebd3e00000,0x000000ebd3f00000) (1024K)]
  0x000002731c3ae5d0 JavaThread "Finalizer"                  daemon [_thread_blocked, id=23044, stack(0x000000ebd3f00000,0x000000ebd4000000) (1024K)]
  0x000002731c3b3620 JavaThread "Signal Dispatcher"          daemon [_thread_blocked, id=30840, stack(0x000000ebd4000000,0x000000ebd4100000) (1024K)]
=>0x000002731c3b4b30 JavaThread "Attach Listener"            daemon [_thread_in_vm, id=35624, stack(0x000000ebd4100000,0x000000ebd4200000) (1024K)]
  0x000002731c3b5880 JavaThread "Service Thread"             daemon [_thread_blocked, id=38004, stack(0x000000ebd4200000,0x000000ebd4300000) (1024K)]
  0x000002731c3b83e0 JavaThread "Monitor Deflation Thread"   daemon [_thread_blocked, id=13480, stack(0x000000ebd4300000,0x000000ebd4400000) (1024K)]
  0x000002731c3bb320 JavaThread "C2 CompilerThread0"         daemon [_thread_blocked, id=35000, stack(0x000000ebd4400000,0x000000ebd4500000) (1024K)]
  0x000002731c3c2160 JavaThread "C1 CompilerThread0"         daemon [_thread_blocked, id=35876, stack(0x000000ebd4500000,0x000000ebd4600000) (1024K)]
  0x00000273631cb170 JavaThread "Common-Cleaner"             daemon [_thread_blocked, id=34584, stack(0x000000ebd4700000,0x000000ebd4800000) (1024K)]
  0x00000273633332f0 JavaThread "Notification Thread"        daemon [_thread_blocked, id=31952, stack(0x000000ebd4600000,0x000000ebd4700000) (1024K)]
  0x0000027363b74430 JavaThread "Active Thread: Equinox Container: 960c8df7-c47d-4340-83f6-309618e8da97"        [_thread_blocked, id=19400, stack(0x000000ebd4800000,0x000000ebd4900000) (1024K)]
  0x0000027363d12fc0 JavaThread "Framework Event Dispatcher: Equinox Container: 960c8df7-c47d-4340-83f6-309618e8da97" daemon [_thread_blocked, id=21276, stack(0x000000ebd4900000,0x000000ebd4a00000) (1024K)]
  0x0000027363d0fb40 JavaThread "Start Level: Equinox Container: 960c8df7-c47d-4340-83f6-309618e8da97" daemon [_thread_blocked, id=29164, stack(0x000000ebd5700000,0x000000ebd5800000) (1024K)]
  0x0000027363d10860 JavaThread "Bundle File Closer"         daemon [_thread_blocked, id=35592, stack(0x000000ebd5900000,0x000000ebd5a00000) (1024K)]
  0x0000027363d11580 JavaThread "Refresh Thread: Equinox Container: 960c8df7-c47d-4340-83f6-309618e8da97" daemon [_thread_blocked, id=36204, stack(0x000000ebd5a00000,0x000000ebd5b00000) (1024K)]
  0x0000027363d10ef0 JavaThread "SCR Component Actor"        daemon [_thread_blocked, id=20200, stack(0x000000ebd5b00000,0x000000ebd5c00000) (1024K)]
  0x0000027363d122a0 JavaThread "Worker-JM"                         [_thread_blocked, id=33920, stack(0x000000ebd5e00000,0x000000ebd5f00000) (1024K)]
  0x00000273637c2c50 JavaThread "Java indexing"              daemon [_thread_blocked, id=6108, stack(0x000000ebd6100000,0x000000ebd6200000) (1024K)]
  0x00000273637c18a0 JavaThread "JNA Cleaner"                daemon [_thread_blocked, id=37120, stack(0x000000ebd6500000,0x000000ebd6600000) (1024K)]
  0x00000273637c4000 JavaThread "Thread-1"                   daemon [_thread_in_native, id=36792, stack(0x000000ebd6a00000,0x000000ebd6b00000) (1024K)]
  0x00000273637c0b80 JavaThread "Thread-2"                   daemon [_thread_in_native, id=26320, stack(0x000000ebd6b00000,0x000000ebd6c00000) (1024K)]
  0x00000273637c5a40 JavaThread "Thread-3"                   daemon [_thread_in_native, id=28356, stack(0x000000ebd6c00000,0x000000ebd6d00000) (1024K)]
  0x00000273637c7b10 JavaThread "Thread-4"                   daemon [_thread_in_native, id=13856, stack(0x000000ebd6d00000,0x000000ebd6e00000) (1024K)]
  0x00000273637c7480 JavaThread "Thread-5"                   daemon [_thread_in_native, id=37008, stack(0x000000ebd6e00000,0x000000ebd6f00000) (1024K)]
  0x00000273637c4690 JavaThread "Thread-6"                   daemon [_thread_in_native, id=25756, stack(0x000000ebd6f00000,0x000000ebd7000000) (1024K)]
  0x00000273637c4d20 JavaThread "Thread-7"                   daemon [_thread_in_native, id=30360, stack(0x000000ebd7000000,0x000000ebd7100000) (1024K)]
  0x00000273637c60d0 JavaThread "Thread-8"                   daemon [_thread_in_native, id=32604, stack(0x000000ebd7100000,0x000000ebd7200000) (1024K)]
  0x00000273637c6760 JavaThread "Thread-9"                   daemon [_thread_in_native, id=24220, stack(0x000000ebd7200000,0x000000ebd7300000) (1024K)]
  0x00000273637c53b0 JavaThread "pool-2-thread-1"                   [_thread_blocked, id=35948, stack(0x000000ebd7300000,0x000000ebd7400000) (1024K)]
  0x0000027367792380 JavaThread "WorkspaceEventsHandler"            [_thread_blocked, id=35816, stack(0x000000ebd7500000,0x000000ebd7600000) (1024K)]
  0x0000027367791660 JavaThread "pool-1-thread-1"                   [_thread_blocked, id=8160, stack(0x000000ebd7600000,0x000000ebd7700000) (1024K)]
  0x00000273660bcf40 JavaThread "Cleaner-0"                  daemon [_thread_blocked, id=38188, stack(0x000000ebd5800000,0x000000ebd5900000) (1024K)]
  0x000002736559a4a0 JavaThread "Worker-24"                         [_thread_blocked, id=34576, stack(0x000000ebd5f00000,0x000000ebd6000000) (1024K)]
  0x00000273637c32e0 JavaThread "Worker-25"                         [_thread_blocked, id=31084, stack(0x000000ebd6000000,0x000000ebd6100000) (1024K)]
Total: 35

Other Threads:
  0x000002731c3928c0 VMThread "VM Thread"                           [id=24972, stack(0x000000ebd3d00000,0x000000ebd3e00000) (1024K)]
  0x00000273059a9600 WatcherThread "VM Periodic Task Thread"        [id=20892, stack(0x000000ebd3c00000,0x000000ebd3d00000) (1024K)]
  0x0000027305959470 WorkerThread "GC Thread#0"                     [id=7800, stack(0x000000ebd3b00000,0x000000ebd3c00000) (1024K)]
  0x0000027363ba49b0 WorkerThread "GC Thread#1"                     [id=26448, stack(0x000000ebd4a00000,0x000000ebd4b00000) (1024K)]
  0x0000027363a5b000 WorkerThread "GC Thread#2"                     [id=15936, stack(0x000000ebd4b00000,0x000000ebd4c00000) (1024K)]
  0x0000027363b32a00 WorkerThread "GC Thread#3"                     [id=24404, stack(0x000000ebd4c00000,0x000000ebd4d00000) (1024K)]
  0x0000027363b32db0 WorkerThread "GC Thread#4"                     [id=33488, stack(0x000000ebd4d00000,0x000000ebd4e00000) (1024K)]
  0x0000027363b33160 WorkerThread "GC Thread#5"                     [id=2004, stack(0x000000ebd4e00000,0x000000ebd4f00000) (1024K)]
  0x00000273634b25a0 WorkerThread "GC Thread#6"                     [id=38772, stack(0x000000ebd4f00000,0x000000ebd5000000) (1024K)]
  0x0000027363ae3a40 WorkerThread "GC Thread#7"                     [id=15504, stack(0x000000ebd5600000,0x000000ebd5700000) (1024K)]
Total: 10

Threads with active compile tasks:
Total: 0

VM state: not at safepoint (normal execution)

VM Mutex/Monitor currently owned by a thread: None

Heap address: 0x0000000080000000, size: 2048 MB, Compressed Oops mode: 32-bit

CDS archive(s) mapped at: [0x000002731d000000-0x000002731dba0000-0x000002731dba0000), size 12189696, SharedBaseAddress: 0x000002731d000000, ArchiveRelocationMode: 1.
Compressed class space mapped at: 0x000002731e000000-0x000002735e000000, reserved size: 1073741824
Narrow klass base: 0x000002731d000000, Narrow klass shift: 0, Narrow klass range: 0x100000000

GC Precious Log:
 CardTable entry size: 512
 CPUs: 8 total, 8 available
 Memory: 16122M
 Large Page Support: Disabled
 NUMA Support: Disabled
 Compressed Oops: Enabled (32-bit)
 Alignments: Space 512K, Generation 512K, Heap 2M
 Heap Min Capacity: 100M
 Heap Initial Capacity: 100M
 Heap Max Capacity: 2G
 Pre-touch: Disabled
 Parallel Workers: 8

Heap:
 PSYoungGen      total 5632K, used 3731K [0x00000000d5580000, 0x00000000d5f00000, 0x0000000100000000)
  eden space 4608K, 58% used [0x00000000d5580000,0x00000000d58274b8,0x00000000d5a00000)
  from space 1024K, 99% used [0x00000000d5c00000,0x00000000d5cfdb10,0x00000000d5d00000)
  to   space 2048K, 0% used [0x00000000d5a00000,0x00000000d5a00000,0x00000000d5c00000)
 ParOldGen       total 1198592K, used 1198538K [0x0000000080000000, 0x00000000c9280000, 0x00000000d5580000)
  object space 1198592K, 99% used [0x0000000080000000,0x00000000c9272968,0x00000000c9280000)
 Metaspace       used 91264K, committed 92992K, reserved 1179648K
  class space    used 9118K, committed 10048K, reserved 1048576K

Card table byte_map: [0x0000027305310000,0x0000027305720000] _byte_map_base: 0x0000027304f10000

Marking Bits: (ParMarkBitMap*) 0x00007ffd52543450
 Begin Bits: [0x0000027317df0000, 0x0000027319df0000)
 End Bits:   [0x0000027319df0000, 0x000002731bdf0000)

Polling page: 0x0000027305100000

Metaspace:

Usage:
  Non-class:     80.22 MB used.
      Class:      8.90 MB used.
       Both:     89.13 MB used.

Virtual space:
  Non-class space:      128.00 MB reserved,      81.00 MB ( 63%) committed,  2 nodes.
      Class space:        1.00 GB reserved,       9.81 MB ( <1%) committed,  1 nodes.
             Both:        1.12 GB reserved,      90.81 MB (  8%) committed. 

Chunk freelists:
   Non-Class:  14.51 MB
       Class:  6.35 MB
        Both:  20.86 MB

MaxMetaspaceSize: unlimited
CompressedClassSpaceSize: 1.00 GB
Initial GC threshold: 21.00 MB
Current GC threshold: 150.75 MB
CDS: on
 - commit_granule_bytes: 65536.
 - commit_granule_words: 8192.
 - virtual_space_node_default_size: 8388608.
 - enlarge_chunks_in_place: 1.
 - use_allocation_guard: 0.


Internal statistics:

num_allocs_failed_limit: 9.
num_arena_births: 1658.
num_arena_deaths: 424.
num_vsnodes_births: 3.
num_vsnodes_deaths: 0.
num_space_committed: 1452.
num_space_uncommitted: 0.
num_chunks_returned_to_freelist: 504.
num_chunks_taken_from_freelist: 6108.
num_chunk_merges: 111.
num_chunk_splits: 3589.
num_chunks_enlarged: 2031.
num_inconsistent_stats: 0.

CodeHeap 'non-profiled nmethods': size=120000Kb used=24165Kb max_used=24165Kb free=95834Kb
 bounds [0x0000027310610000, 0x0000027311db0000, 0x0000027317b40000]
CodeHeap 'profiled nmethods': size=120000Kb used=47968Kb max_used=47968Kb free=72031Kb
 bounds [0x0000027308b40000, 0x000002730ba20000, 0x0000027310070000]
CodeHeap 'non-nmethods': size=5760Kb used=1539Kb max_used=1618Kb free=4220Kb
 bounds [0x0000027310070000, 0x00000273102e0000, 0x0000027310610000]
CodeCache: size=245760Kb, used=73672Kb, max_used=73751Kb, free=172085Kb
 total_blobs=20588, nmethods=19736, adapters=755, full_count=0
Compilation: enabled, stopped_count=0, restarted_count=0

Compilation events (20 events):
Event: 5335.695 Thread 0x000002731c3c2160 24564       3       org.eclipse.jdt.internal.compiler.impl.CompilerStats::<init> (5 bytes)
Event: 5335.695 Thread 0x000002731c3c2160 nmethod 24564 0x000002730ba13290 code [0x000002730ba13440, 0x000002730ba135a8]
Event: 5372.517 Thread 0x000002731c3c2160 24565       3       com.google.gson.stream.JsonReader::beginArray (52 bytes)
Event: 5372.517 Thread 0x000002731c3c2160 nmethod 24565 0x000002730ba13690 code [0x000002730ba13860, 0x000002730ba13b70]
Event: 6495.200 Thread 0x000002731c3c2160 24566       3       java.util.logging.LogManager::getLogManager (16 bytes)
Event: 6495.200 Thread 0x000002731c3c2160 nmethod 24566 0x000002730ba13d10 code [0x000002730ba13ec0, 0x000002730ba14000]
Event: 6555.222 Thread 0x000002731c3c2160 24567   !   3       java.util.logging.LogManager$LoggerContext::findLogger (113 bytes)
Event: 6555.224 Thread 0x000002731c3c2160 nmethod 24567 0x000002730ba14090 code [0x000002730ba14340, 0x000002730ba152a0]
Event: 6645.241 Thread 0x000002731c3c2160 24568       3       jdk.internal.logger.DefaultLoggerFinder::isSystem (18 bytes)
Event: 6645.242 Thread 0x000002731c3c2160 nmethod 24568 0x000002730ba15810 code [0x000002730ba15a60, 0x000002730ba16370]
Event: 6645.242 Thread 0x000002731c3c2160 24569       3       jdk.internal.logger.DefaultLoggerFinder$1::<init> (10 bytes)
Event: 6645.242 Thread 0x000002731c3c2160 nmethod 24569 0x000002730ba16710 code [0x000002730ba168c0, 0x000002730ba16a48]
Event: 6825.292 Thread 0x000002731c3c2160 24570       3       java.lang.ClassLoader::getBuiltinPlatformClassLoader (4 bytes)
Event: 6825.292 Thread 0x000002731c3c2160 nmethod 24570 0x000002730ba16b10 code [0x000002730ba16cc0, 0x000002730ba16e10]
Event: 7644.379 Thread 0x000002731c3c2160 24571       3       java.util.logging.LogManager::demandLogger (23 bytes)
Event: 7644.379 Thread 0x000002731c3c2160 nmethod 24571 0x000002730ba16e90 code [0x000002730ba17040, 0x000002730ba17208]
Event: 7644.379 Thread 0x000002731c3c2160 24572       3       java.util.logging.LogManager::demandLogger (53 bytes)
Event: 7644.381 Thread 0x000002731c3c2160 nmethod 24572 0x000002730ba17310 code [0x000002730ba17540, 0x000002730ba17b98]
Event: 7674.389 Thread 0x000002731c3c2160 24573       3       java.lang.ClassLoader::getPlatformClassLoader (21 bytes)
Event: 7674.389 Thread 0x000002731c3c2160 nmethod 24573 0x000002730ba17e10 code [0x000002730ba17fe0, 0x000002730ba18270]

GC Heap History (20 events):
Event: 5302.646 GC heap before
{Heap before GC invocations=2901 (full 6):
 PSYoungGen      total 6656K, used 6546K [0x00000000d5580000, 0x00000000d5d00000, 0x0000000100000000)
  eden space 5632K, 100% used [0x00000000d5580000,0x00000000d5b00000,0x00000000d5b00000)
  from space 1024K, 89% used [0x00000000d5c00000,0x00000000d5ce4920,0x00000000d5d00000)
  to   space 1024K, 0% used [0x00000000d5b00000,0x00000000d5b00000,0x00000000d5c00000)
 ParOldGen       total 1192448K, used 1192243K [0x0000000080000000, 0x00000000c8c80000, 0x00000000d5580000)
  object space 1192448K, 99% used [0x0000000080000000,0x00000000c8c4cc98,0x00000000c8c80000)
 Metaspace       used 91212K, committed 92992K, reserved 1179648K
  class space    used 9118K, committed 10048K, reserved 1048576K
}
Event: 5302.649 GC heap after
{Heap after GC invocations=2901 (full 6):
 PSYoungGen      total 6656K, used 901K [0x00000000d5580000, 0x00000000d5d00000, 0x0000000100000000)
  eden space 5632K, 0% used [0x00000000d5580000,0x00000000d5580000,0x00000000d5b00000)
  from space 1024K, 88% used [0x00000000d5b00000,0x00000000d5be16c0,0x00000000d5c00000)
  to   space 1024K, 0% used [0x00000000d5c00000,0x00000000d5c00000,0x00000000d5d00000)
 ParOldGen       total 1192960K, used 1192941K [0x0000000080000000, 0x00000000c8d00000, 0x00000000d5580000)
  object space 1192960K, 99% used [0x0000000080000000,0x00000000c8cfb458,0x00000000c8d00000)
 Metaspace       used 91212K, committed 92992K, reserved 1179648K
  class space    used 9118K, committed 10048K, reserved 1048576K
}
Event: 5302.658 GC heap before
{Heap before GC invocations=2902 (full 6):
 PSYoungGen      total 6656K, used 6533K [0x00000000d5580000, 0x00000000d5d00000, 0x0000000100000000)
  eden space 5632K, 100% used [0x00000000d5580000,0x00000000d5b00000,0x00000000d5b00000)
  from space 1024K, 88% used [0x00000000d5b00000,0x00000000d5be16c0,0x00000000d5c00000)
  to   space 1024K, 0% used [0x00000000d5c00000,0x00000000d5c00000,0x00000000d5d00000)
 ParOldGen       total 1192960K, used 1192941K [0x0000000080000000, 0x00000000c8d00000, 0x00000000d5580000)
  object space 1192960K, 99% used [0x0000000080000000,0x00000000c8cfb458,0x00000000c8d00000)
 Metaspace       used 91212K, committed 92992K, reserved 1179648K
  class space    used 9118K, committed 10048K, reserved 1048576K
}
Event: 5302.660 GC heap after
{Heap after GC invocations=2902 (full 6):
 PSYoungGen      total 6656K, used 672K [0x00000000d5580000, 0x00000000d5d00000, 0x0000000100000000)
  eden space 5632K, 0% used [0x00000000d5580000,0x00000000d5580000,0x00000000d5b00000)
  from space 1024K, 65% used [0x00000000d5c00000,0x00000000d5ca8020,0x00000000d5d00000)
  to   space 1024K, 0% used [0x00000000d5b00000,0x00000000d5b00000,0x00000000d5c00000)
 ParOldGen       total 1193984K, used 1193772K [0x0000000080000000, 0x00000000c8e00000, 0x00000000d5580000)
  object space 1193984K, 99% used [0x0000000080000000,0x00000000c8dcb2c8,0x00000000c8e00000)
 Metaspace       used 91212K, committed 92992K, reserved 1179648K
  class space    used 9118K, committed 10048K, reserved 1048576K
}
Event: 5302.671 GC heap before
{Heap before GC invocations=2903 (full 6):
 PSYoungGen      total 6656K, used 6304K [0x00000000d5580000, 0x00000000d5d00000, 0x0000000100000000)
  eden space 5632K, 100% used [0x00000000d5580000,0x00000000d5b00000,0x00000000d5b00000)
  from space 1024K, 65% used [0x00000000d5c00000,0x00000000d5ca8020,0x00000000d5d00000)
  to   space 1024K, 0% used [0x00000000d5b00000,0x00000000d5b00000,0x00000000d5c00000)
 ParOldGen       total 1193984K, used 1193772K [0x0000000080000000, 0x00000000c8e00000, 0x00000000d5580000)
  object space 1193984K, 99% used [0x0000000080000000,0x00000000c8dcb2c8,0x00000000c8e00000)
 Metaspace       used 91213K, committed 92992K, reserved 1179648K
  class space    used 9118K, committed 10048K, reserved 1048576K
}
Event: 5302.674 GC heap after
{Heap after GC invocations=2903 (full 6):
 PSYoungGen      total 6656K, used 592K [0x00000000d5580000, 0x00000000d5d00000, 0x0000000100000000)
  eden space 5632K, 0% used [0x00000000d5580000,0x00000000d5580000,0x00000000d5b00000)
  from space 1024K, 57% used [0x00000000d5b00000,0x00000000d5b94010,0x00000000d5c00000)
  to   space 1024K, 0% used [0x00000000d5c00000,0x00000000d5c00000,0x00000000d5d00000)
 ParOldGen       total 1194496K, used 1194240K [0x0000000080000000, 0x00000000c8e80000, 0x00000000d5580000)
  object space 1194496K, 99% used [0x0000000080000000,0x00000000c8e40318,0x00000000c8e80000)
 Metaspace       used 91213K, committed 92992K, reserved 1179648K
  class space    used 9118K, committed 10048K, reserved 1048576K
}
Event: 5302.701 GC heap before
{Heap before GC invocations=2904 (full 6):
 PSYoungGen      total 6656K, used 6224K [0x00000000d5580000, 0x00000000d5d00000, 0x0000000100000000)
  eden space 5632K, 100% used [0x00000000d5580000,0x00000000d5b00000,0x00000000d5b00000)
  from space 1024K, 57% used [0x00000000d5b00000,0x00000000d5b94010,0x00000000d5c00000)
  to   space 1024K, 0% used [0x00000000d5c00000,0x00000000d5c00000,0x00000000d5d00000)
 ParOldGen       total 1194496K, used 1194240K [0x0000000080000000, 0x00000000c8e80000, 0x00000000d5580000)
  object space 1194496K, 99% used [0x0000000080000000,0x00000000c8e40318,0x00000000c8e80000)
 Metaspace       used 91213K, committed 92992K, reserved 1179648K
  class space    used 9118K, committed 10048K, reserved 1048576K
}
Event: 5302.704 GC heap after
{Heap after GC invocations=2904 (full 6):
 PSYoungGen      total 5632K, used 997K [0x00000000d5580000, 0x00000000d5f00000, 0x0000000100000000)
  eden space 4608K, 0% used [0x00000000d5580000,0x00000000d5580000,0x00000000d5a00000)
  from space 1024K, 97% used [0x00000000d5c00000,0x00000000d5cf9468,0x00000000d5d00000)
  to   space 2048K, 0% used [0x00000000d5a00000,0x00000000d5a00000,0x00000000d5c00000)
 ParOldGen       total 1195008K, used 1194891K [0x0000000080000000, 0x00000000c8f00000, 0x00000000d5580000)
  object space 1195008K, 99% used [0x0000000080000000,0x00000000c8ee2e10,0x00000000c8f00000)
 Metaspace       used 91213K, committed 92992K, reserved 1179648K
  class space    used 9118K, committed 10048K, reserved 1048576K
}
Event: 5302.713 GC heap before
{Heap before GC invocations=2905 (full 6):
 PSYoungGen      total 5632K, used 5605K [0x00000000d5580000, 0x00000000d5f00000, 0x0000000100000000)
  eden space 4608K, 100% used [0x00000000d5580000,0x00000000d5a00000,0x00000000d5a00000)
  from space 1024K, 97% used [0x00000000d5c00000,0x00000000d5cf9468,0x00000000d5d00000)
  to   space 2048K, 0% used [0x00000000d5a00000,0x00000000d5a00000,0x00000000d5c00000)
 ParOldGen       total 1195008K, used 1194891K [0x0000000080000000, 0x00000000c8f00000, 0x00000000d5580000)
  object space 1195008K, 99% used [0x0000000080000000,0x00000000c8ee2e10,0x00000000c8f00000)
 Metaspace       used 91213K, committed 92992K, reserved 1179648K
  class space    used 9118K, committed 10048K, reserved 1048576K
}
Event: 5302.715 GC heap after
{Heap after GC invocations=2905 (full 6):
 PSYoungGen      total 5632K, used 852K [0x00000000d5580000, 0x00000000d5d00000, 0x0000000100000000)
  eden space 4608K, 0% used [0x00000000d5580000,0x00000000d5580000,0x00000000d5a00000)
  from space 1024K, 83% used [0x00000000d5a00000,0x00000000d5ad5200,0x00000000d5b00000)
  to   space 1536K, 0% used [0x00000000d5b80000,0x00000000d5b80000,0x00000000d5d00000)
 ParOldGen       total 1196032K, used 1195838K [0x0000000080000000, 0x00000000c9000000, 0x00000000d5580000)
  object space 1196032K, 99% used [0x0000000080000000,0x00000000c8fcf840,0x00000000c9000000)
 Metaspace       used 91213K, committed 92992K, reserved 1179648K
  class space    used 9118K, committed 10048K, reserved 1048576K
}
Event: 5302.720 GC heap before
{Heap before GC invocations=2906 (full 6):
 PSYoungGen      total 5632K, used 5460K [0x00000000d5580000, 0x00000000d5d00000, 0x0000000100000000)
  eden space 4608K, 100% used [0x00000000d5580000,0x00000000d5a00000,0x00000000d5a00000)
  from space 1024K, 83% used [0x00000000d5a00000,0x00000000d5ad5200,0x00000000d5b00000)
  to   space 1536K, 0% used [0x00000000d5b80000,0x00000000d5b80000,0x00000000d5d00000)
 ParOldGen       total 1196032K, used 1195838K [0x0000000080000000, 0x00000000c9000000, 0x00000000d5580000)
  object space 1196032K, 99% used [0x0000000080000000,0x00000000c8fcf840,0x00000000c9000000)
 Metaspace       used 91213K, committed 92992K, reserved 1179648K
  class space    used 9118K, committed 10048K, reserved 1048576K
}
Event: 5302.723 GC heap after
{Heap after GC invocations=2906 (full 6):
 PSYoungGen      total 5632K, used 544K [0x00000000d5580000, 0x00000000d5c80000, 0x0000000100000000)
  eden space 4608K, 0% used [0x00000000d5580000,0x00000000d5580000,0x00000000d5a00000)
  from space 1024K, 53% used [0x00000000d5b80000,0x00000000d5c08020,0x00000000d5c80000)
  to   space 1024K, 0% used [0x00000000d5a00000,0x00000000d5a00000,0x00000000d5b00000)
 ParOldGen       total 1197056K, used 1196574K [0x0000000080000000, 0x00000000c9100000, 0x00000000d5580000)
  object space 1197056K, 99% used [0x0000000080000000,0x00000000c90879d0,0x00000000c9100000)
 Metaspace       used 91213K, committed 92992K, reserved 1179648K
  class space    used 9118K, committed 10048K, reserved 1048576K
}
Event: 5302.732 GC heap before
{Heap before GC invocations=2907 (full 6):
 PSYoungGen      total 5632K, used 5152K [0x00000000d5580000, 0x00000000d5c80000, 0x0000000100000000)
  eden space 4608K, 100% used [0x00000000d5580000,0x00000000d5a00000,0x00000000d5a00000)
  from space 1024K, 53% used [0x00000000d5b80000,0x00000000d5c08020,0x00000000d5c80000)
  to   space 1024K, 0% used [0x00000000d5a00000,0x00000000d5a00000,0x00000000d5b00000)
 ParOldGen       total 1197056K, used 1196574K [0x0000000080000000, 0x00000000c9100000, 0x00000000d5580000)
  object space 1197056K, 99% used [0x0000000080000000,0x00000000c90879d0,0x00000000c9100000)
 Metaspace       used 91213K, committed 92992K, reserved 1179648K
  class space    used 9118K, committed 10048K, reserved 1048576K
}
Event: 5302.735 GC heap after
{Heap after GC invocations=2907 (full 6):
 PSYoungGen      total 5632K, used 608K [0x00000000d5580000, 0x00000000d5d00000, 0x0000000100000000)
  eden space 4608K, 0% used [0x00000000d5580000,0x00000000d5580000,0x00000000d5a00000)
  from space 1024K, 59% used [0x00000000d5a00000,0x00000000d5a98000,0x00000000d5b00000)
  to   space 1024K, 0% used [0x00000000d5c00000,0x00000000d5c00000,0x00000000d5d00000)
 ParOldGen       total 1197056K, used 1197038K [0x0000000080000000, 0x00000000c9100000, 0x00000000d5580000)
  object space 1197056K, 99% used [0x0000000080000000,0x00000000c90fba30,0x00000000c9100000)
 Metaspace       used 91213K, committed 92992K, reserved 1179648K
  class space    used 9118K, committed 10048K, reserved 1048576K
}
Event: 5302.746 GC heap before
{Heap before GC invocations=2908 (full 6):
 PSYoungGen      total 5632K, used 5216K [0x00000000d5580000, 0x00000000d5d00000, 0x0000000100000000)
  eden space 4608K, 100% used [0x00000000d5580000,0x00000000d5a00000,0x00000000d5a00000)
  from space 1024K, 59% used [0x00000000d5a00000,0x00000000d5a98000,0x00000000d5b00000)
  to   space 1024K, 0% used [0x00000000d5c00000,0x00000000d5c00000,0x00000000d5d00000)
 ParOldGen       total 1197056K, used 1197038K [0x0000000080000000, 0x00000000c9100000, 0x00000000d5580000)
  object space 1197056K, 99% used [0x0000000080000000,0x00000000c90fba30,0x00000000c9100000)
 Metaspace       used 91214K, committed 92992K, reserved 1179648K
  class space    used 9118K, committed 10048K, reserved 1048576K
}
Event: 5302.748 GC heap after
{Heap after GC invocations=2908 (full 6):
 PSYoungGen      total 6656K, used 800K [0x00000000d5580000, 0x00000000d5d00000, 0x0000000100000000)
  eden space 5632K, 0% used [0x00000000d5580000,0x00000000d5580000,0x00000000d5b00000)
  from space 1024K, 78% used [0x00000000d5c00000,0x00000000d5cc8020,0x00000000d5d00000)
  to   space 1024K, 0% used [0x00000000d5b00000,0x00000000d5b00000,0x00000000d5c00000)
 ParOldGen       total 1197568K, used 1197454K [0x0000000080000000, 0x00000000c9180000, 0x00000000d5580000)
  object space 1197568K, 99% used [0x0000000080000000,0x00000000c9163a50,0x00000000c9180000)
 Metaspace       used 91214K, committed 92992K, reserved 1179648K
  class space    used 9118K, committed 10048K, reserved 1048576K
}
Event: 5363.929 GC heap before
{Heap before GC invocations=2909 (full 6):
 PSYoungGen      total 6656K, used 6432K [0x00000000d5580000, 0x00000000d5d00000, 0x0000000100000000)
  eden space 5632K, 100% used [0x00000000d5580000,0x00000000d5b00000,0x00000000d5b00000)
  from space 1024K, 78% used [0x00000000d5c00000,0x00000000d5cc8020,0x00000000d5d00000)
  to   space 1024K, 0% used [0x00000000d5b00000,0x00000000d5b00000,0x00000000d5c00000)
 ParOldGen       total 1197568K, used 1197454K [0x0000000080000000, 0x00000000c9180000, 0x00000000d5580000)
  object space 1197568K, 99% used [0x0000000080000000,0x00000000c9163a50,0x00000000c9180000)
 Metaspace       used 91255K, committed 92992K, reserved 1179648K
  class space    used 9118K, committed 10048K, reserved 1048576K
}
Event: 5363.934 GC heap after
{Heap after GC invocations=2909 (full 6):
 PSYoungGen      total 6656K, used 676K [0x00000000d5580000, 0x00000000d5d00000, 0x0000000100000000)
  eden space 5632K, 0% used [0x00000000d5580000,0x00000000d5580000,0x00000000d5b00000)
  from space 1024K, 66% used [0x00000000d5b00000,0x00000000d5ba9210,0x00000000d5c00000)
  to   space 1024K, 0% used [0x00000000d5c00000,0x00000000d5c00000,0x00000000d5d00000)
 ParOldGen       total 1198592K, used 1198094K [0x0000000080000000, 0x00000000c9280000, 0x00000000d5580000)
  object space 1198592K, 99% used [0x0000000080000000,0x00000000c9203a70,0x00000000c9280000)
 Metaspace       used 91255K, committed 92992K, reserved 1179648K
  class space    used 9118K, committed 10048K, reserved 1048576K
}
Event: 5363.957 GC heap before
{Heap before GC invocations=2910 (full 6):
 PSYoungGen      total 6656K, used 6308K [0x00000000d5580000, 0x00000000d5d00000, 0x0000000100000000)
  eden space 5632K, 100% used [0x00000000d5580000,0x00000000d5b00000,0x00000000d5b00000)
  from space 1024K, 66% used [0x00000000d5b00000,0x00000000d5ba9210,0x00000000d5c00000)
  to   space 1024K, 0% used [0x00000000d5c00000,0x00000000d5c00000,0x00000000d5d00000)
 ParOldGen       total 1198592K, used 1198094K [0x0000000080000000, 0x00000000c9280000, 0x00000000d5580000)
  object space 1198592K, 99% used [0x0000000080000000,0x00000000c9203a70,0x00000000c9280000)
 Metaspace       used 91255K, committed 92992K, reserved 1179648K
  class space    used 9118K, committed 10048K, reserved 1048576K
}
Event: 5363.958 GC heap after
{Heap after GC invocations=2910 (full 6):
 PSYoungGen      total 5632K, used 1014K [0x00000000d5580000, 0x00000000d5f00000, 0x0000000100000000)
  eden space 4608K, 0% used [0x00000000d5580000,0x00000000d5580000,0x00000000d5a00000)
  from space 1024K, 99% used [0x00000000d5c00000,0x00000000d5cfdb10,0x00000000d5d00000)
  to   space 2048K, 0% used [0x00000000d5a00000,0x00000000d5a00000,0x00000000d5c00000)
 ParOldGen       total 1198592K, used 1198538K [0x0000000080000000, 0x00000000c9280000, 0x00000000d5580000)
  object space 1198592K, 99% used [0x0000000080000000,0x00000000c9272968,0x00000000c9280000)
 Metaspace       used 91255K, committed 92992K, reserved 1179648K
  class space    used 9118K, committed 10048K, reserved 1048576K
}

Dll operation events (14 events):
Event: 0.013 Loaded shared library c:\Users\xee\.vscode\extensions\redhat.java-1.53.0-win32-x64\jre\21.0.10-win32-x86_64\bin\java.dll
Event: 0.045 Loaded shared library c:\Users\xee\.vscode\extensions\redhat.java-1.53.0-win32-x64\jre\21.0.10-win32-x86_64\bin\zip.dll
Event: 0.126 Loaded shared library C:\Users\xee\.vscode\extensions\redhat.java-1.53.0-win32-x64\jre\21.0.10-win32-x86_64\bin\instrument.dll
Event: 0.133 Loaded shared library C:\Users\xee\.vscode\extensions\redhat.java-1.53.0-win32-x64\jre\21.0.10-win32-x86_64\bin\net.dll
Event: 0.137 Loaded shared library C:\Users\xee\.vscode\extensions\redhat.java-1.53.0-win32-x64\jre\21.0.10-win32-x86_64\bin\nio.dll
Event: 0.140 Loaded shared library C:\Users\xee\.vscode\extensions\redhat.java-1.53.0-win32-x64\jre\21.0.10-win32-x86_64\bin\zip.dll
Event: 0.164 Loaded shared library C:\Users\xee\.vscode\extensions\redhat.java-1.53.0-win32-x64\jre\21.0.10-win32-x86_64\bin\jimage.dll
Event: 0.289 Loaded shared library c:\Users\xee\.vscode\extensions\redhat.java-1.53.0-win32-x64\jre\21.0.10-win32-x86_64\bin\verify.dll
Event: 2.954 Loaded shared library C:\Users\xee\AppData\Roaming\Code\User\globalStorage\redhat.java\1.53.0\config_win\org.eclipse.equinox.launcher\org.eclipse.equinox.launcher.win32.win32.x86_64_1.3.0.v20260203-2149\eclipse_11919.dll
Event: 5.684 Loaded shared library C:\Users\xee\.vscode\extensions\redhat.java-1.53.0-win32-x64\jre\21.0.10-win32-x86_64\bin\management.dll
Event: 5.689 Loaded shared library C:\Users\xee\.vscode\extensions\redhat.java-1.53.0-win32-x64\jre\21.0.10-win32-x86_64\bin\management_ext.dll
Event: 8.275 Loaded shared library C:\Users\xee\AppData\Local\Temp\jna-118552\jna9667747841183461001.dll
Event: 8.577 Loaded shared library C:\Users\xee\.vscode\extensions\redhat.java-1.53.0-win32-x64\jre\21.0.10-win32-x86_64\bin\sunmscapi.dll
Event: 8.964 Loaded shared library C:\Users\xee\.vscode\extensions\redhat.java-1.53.0-win32-x64\jre\21.0.10-win32-x86_64\bin\extnet.dll

Deoptimization events (20 events):
Event: 5223.035 Thread 0x0000027367791660 DEOPT PACKING pc=0x000002730b8fe3c6 sp=0x000000ebd76fdf00
Event: 5223.035 Thread 0x0000027367791660 DEOPT UNPACKING pc=0x00000273100c78e2 sp=0x000000ebd76fd418 mode 0
Event: 5223.101 Thread 0x0000027367791660 Uncommon trap: trap_request=0xffffff6e fr.pc=0x0000027311d57b74 relative=0x00000000000017f4
Event: 5223.101 Thread 0x0000027367791660 Uncommon trap: reason=loop_limit_check action=maybe_recompile pc=0x0000027311d57b74 method=org.eclipse.jdt.internal.compiler.SourceElementParser.constructTypeReference(I)Lorg/eclipse/jdt/internal/compiler/ast/TypeReference; @ 760 c2
Event: 5223.101 Thread 0x0000027367791660 DEOPT PACKING pc=0x0000027311d57b74 sp=0x000000ebd76fd4c0
Event: 5223.101 Thread 0x0000027367791660 DEOPT UNPACKING pc=0x00000273100c6da2 sp=0x000000ebd76fd490 mode 2
Event: 5223.228 Thread 0x0000027367791660 Uncommon trap: trap_request=0xffffffcc fr.pc=0x0000027311cd0164 relative=0x0000000000005924
Event: 5223.228 Thread 0x0000027367791660 Uncommon trap: reason=intrinsic_or_type_checked_inlining action=make_not_entrant pc=0x0000027311cd0164 method=org.eclipse.jdt.internal.compiler.lookup.BoundSet.incorporate(Lorg/eclipse/jdt/internal/compiler/lookup/InferenceContext18;[Lorg/eclipse/jdt/inte
Event: 5223.228 Thread 0x0000027367791660 DEOPT PACKING pc=0x0000027311cd0164 sp=0x000000ebd76fd480
Event: 5223.228 Thread 0x0000027367791660 DEOPT UNPACKING pc=0x00000273100c6da2 sp=0x000000ebd76fd400 mode 2
Event: 5223.260 Thread 0x0000027367791660 DEOPT PACKING pc=0x000002730b8fecf2 sp=0x000000ebd76fde70
Event: 5223.260 Thread 0x0000027367791660 DEOPT UNPACKING pc=0x00000273100c78e2 sp=0x000000ebd76fd390 mode 0
Event: 5223.367 Thread 0x0000027367791660 DEOPT PACKING pc=0x000002730ac6e364 sp=0x000000ebd76fdfc0
Event: 5223.367 Thread 0x0000027367791660 DEOPT UNPACKING pc=0x00000273100c78e2 sp=0x000000ebd76fd508 mode 0
Event: 5302.666 Thread 0x0000027367791660 DEOPT PACKING pc=0x000002730a458cd2 sp=0x000000ebd76fdd20
Event: 5302.666 Thread 0x0000027367791660 DEOPT UNPACKING pc=0x00000273100c78e2 sp=0x000000ebd76fd178 mode 0
Event: 5302.692 Thread 0x0000027367791660 Uncommon trap: trap_request=0xffffffc6 fr.pc=0x0000027311b6ef90 relative=0x00000000000008d0
Event: 5302.692 Thread 0x0000027367791660 Uncommon trap: reason=bimorphic_or_optimized_type_check action=maybe_recompile pc=0x0000027311b6ef90 method=org.eclipse.jdt.internal.compiler.lookup.Scope$Substitutor.substitute(Lorg/eclipse/jdt/internal/compiler/lookup/Substitution;[Lorg/eclipse/jdt/inte
Event: 5302.692 Thread 0x0000027367791660 DEOPT PACKING pc=0x0000027311b6ef90 sp=0x000000ebd76fd2f0
Event: 5302.692 Thread 0x0000027367791660 DEOPT UNPACKING pc=0x00000273100c6da2 sp=0x000000ebd76fd2c0 mode 2

Classes loaded (20 events):
Event: 5050.411 Loading class jdk/internal/module/IllegalAccessLogger
Event: 5050.411 Loading class jdk/internal/module/IllegalAccessLogger done
Event: 5081.362 Loading class jdk/internal/module/IllegalAccessLogger
Event: 5081.362 Loading class jdk/internal/module/IllegalAccessLogger done
Event: 5087.146 Loading class jdk/internal/module/IllegalAccessLogger
Event: 5087.146 Loading class jdk/internal/module/IllegalAccessLogger done
Event: 5123.287 Loading class jdk/internal/module/IllegalAccessLogger
Event: 5123.287 Loading class jdk/internal/module/IllegalAccessLogger done
Event: 5132.801 Loading class jdk/internal/module/IllegalAccessLogger
Event: 5132.801 Loading class jdk/internal/module/IllegalAccessLogger done
Event: 5140.966 Loading class jdk/internal/module/IllegalAccessLogger
Event: 5140.966 Loading class jdk/internal/module/IllegalAccessLogger done
Event: 5164.350 Loading class jdk/internal/module/IllegalAccessLogger
Event: 5164.350 Loading class jdk/internal/module/IllegalAccessLogger done
Event: 5184.504 Loading class jdk/internal/module/IllegalAccessLogger
Event: 5184.504 Loading class jdk/internal/module/IllegalAccessLogger done
Event: 5190.338 Loading class jdk/internal/module/IllegalAccessLogger
Event: 5190.338 Loading class jdk/internal/module/IllegalAccessLogger done
Event: 5199.892 Loading class jdk/internal/module/IllegalAccessLogger
Event: 5199.892 Loading class jdk/internal/module/IllegalAccessLogger done

Classes unloaded (20 events):
Event: 3884.119 Thread 0x000002731c3928c0 Unloading class 0x000002731e014800 'java/lang/invoke/LambdaForm$MH+0x000002731e014800'
Event: 3884.119 Thread 0x000002731c3928c0 Unloading class 0x000002731e00d800 'java/lang/invoke/LambdaForm$MH+0x000002731e00d800'
Event: 3884.119 Thread 0x000002731c3928c0 Unloading class 0x000002731e00d400 'java/lang/invoke/LambdaForm$MH+0x000002731e00d400'
Event: 3884.119 Thread 0x000002731c3928c0 Unloading class 0x000002731e00d000 'java/lang/invoke/LambdaForm$MH+0x000002731e00d000'
Event: 3884.119 Thread 0x000002731c3928c0 Unloading class 0x000002731e00cc00 'java/lang/invoke/LambdaForm$MH+0x000002731e00cc00'
Event: 3884.119 Thread 0x000002731c3928c0 Unloading class 0x000002731e00c800 'java/lang/invoke/LambdaForm$BMH+0x000002731e00c800'
Event: 3884.119 Thread 0x000002731c3928c0 Unloading class 0x000002731e00c000 'java/lang/invoke/LambdaForm$DMH+0x000002731e00c000'
Event: 3884.119 Thread 0x000002731c3928c0 Unloading class 0x000002731e008c00 'java/lang/invoke/LambdaForm$MH+0x000002731e008c00'
Event: 3884.119 Thread 0x000002731c3928c0 Unloading class 0x000002731e008800 'java/lang/invoke/LambdaForm$MH+0x000002731e008800'
Event: 3884.119 Thread 0x000002731c3928c0 Unloading class 0x000002731e008400 'java/lang/invoke/LambdaForm$MH+0x000002731e008400'
Event: 3884.119 Thread 0x000002731c3928c0 Unloading class 0x000002731e007000 'java/lang/invoke/LambdaForm$MH+0x000002731e007000'
Event: 3884.119 Thread 0x000002731c3928c0 Unloading class 0x000002731e006c00 'java/lang/invoke/LambdaForm$MH+0x000002731e006c00'
Event: 3884.119 Thread 0x000002731c3928c0 Unloading class 0x000002731e006800 'java/lang/invoke/LambdaForm$MH+0x000002731e006800'
Event: 3884.119 Thread 0x000002731c3928c0 Unloading class 0x000002731e006400 'java/lang/invoke/LambdaForm$MH+0x000002731e006400'
Event: 3884.119 Thread 0x000002731c3928c0 Unloading class 0x000002731e005c00 'java/lang/invoke/LambdaForm$BMH+0x000002731e005c00'
Event: 3884.119 Thread 0x000002731c3928c0 Unloading class 0x000002731e004800 'java/lang/invoke/LambdaForm$DMH+0x000002731e004800'
Event: 3884.119 Thread 0x000002731c3928c0 Unloading class 0x000002731e002400 'java/lang/invoke/LambdaForm$MH+0x000002731e002400'
Event: 3884.119 Thread 0x000002731c3928c0 Unloading class 0x000002731e002000 'java/lang/invoke/LambdaForm$MH+0x000002731e002000'
Event: 3884.119 Thread 0x000002731c3928c0 Unloading class 0x000002731e001800 'java/lang/invoke/LambdaForm$MH+0x000002731e001800'
Event: 3884.119 Thread 0x000002731c3928c0 Unloading class 0x000002731e000400 'java/lang/invoke/LambdaForm$MH+0x000002731e000400'

Classes redefined (0 events):
No events

Internal exceptions (20 events):
Event: 5087.184 Thread 0x00000273637c2c50 Exception <a 'sun/nio/fs/WindowsException'{0x00000000d583a688}> (0x00000000d583a688) 
thrown [s\src\hotspot\share\prims\jni.cpp, line 520]
Event: 5123.061 Thread 0x00000273637c2c50 Exception <a 'sun/nio/fs/WindowsException'{0x00000000d5cdff38}> (0x00000000d5cdff38) 
thrown [s\src\hotspot\share\prims\jni.cpp, line 520]
Event: 5123.290 Thread 0x00000273655955e0 Implicit null exception at 0x000002731110fa61 to 0x0000027311110160
Event: 5123.291 Thread 0x00000273655955e0 Implicit null exception at 0x0000027310fb4500 to 0x0000027310fb4798
Event: 5123.308 Thread 0x00000273637c2c50 Exception <a 'sun/nio/fs/WindowsException'{0x00000000d55805a8}> (0x00000000d55805a8) 
thrown [s\src\hotspot\share\prims\jni.cpp, line 520]
Event: 5132.605 Thread 0x00000273637c2c50 Exception <a 'sun/nio/fs/WindowsException'{0x00000000d58d5ee0}> (0x00000000d58d5ee0) 
thrown [s\src\hotspot\share\prims\jni.cpp, line 520]
Event: 5132.787 Thread 0x00000273637c2c50 Exception <a 'sun/nio/fs/WindowsException'{0x00000000d5868478}> (0x00000000d5868478) 
thrown [s\src\hotspot\share\prims\jni.cpp, line 520]
Event: 5140.654 Thread 0x0000027365599780 Implicit null exception at 0x000002731105eca3 to 0x000002731105fd14
Event: 5140.800 Thread 0x00000273637c2c50 Exception <a 'sun/nio/fs/WindowsException'{0x00000000d5a92598}> (0x00000000d5a92598) 
thrown [s\src\hotspot\share\prims\jni.cpp, line 520]
Event: 5141.041 Thread 0x00000273637c2c50 Exception <a 'sun/nio/fs/WindowsException'{0x00000000d5751978}> (0x00000000d5751978) 
thrown [s\src\hotspot\share\prims\jni.cpp, line 520]
Event: 5164.211 Thread 0x00000273637c2c50 Exception <a 'sun/nio/fs/WindowsException'{0x00000000d576f218}> (0x00000000d576f218) 
thrown [s\src\hotspot\share\prims\jni.cpp, line 520]
Event: 5164.334 Thread 0x00000273637c2c50 Exception <a 'sun/nio/fs/WindowsException'{0x00000000d56b9cb8}> (0x00000000d56b9cb8) 
thrown [s\src\hotspot\share\prims\jni.cpp, line 520]
Event: 5184.307 Thread 0x00000273637c2c50 Exception <a 'sun/nio/fs/WindowsException'{0x00000000d6245908}> (0x00000000d6245908) 
thrown [s\src\hotspot\share\prims\jni.cpp, line 520]
Event: 5184.479 Thread 0x00000273637c2c50 Exception <a 'sun/nio/fs/WindowsException'{0x00000000d56c3628}> (0x00000000d56c3628) 
thrown [s\src\hotspot\share\prims\jni.cpp, line 520]
Event: 5190.165 Thread 0x00000273637c2c50 Exception <a 'sun/nio/fs/WindowsException'{0x00000000d56ad4b8}> (0x00000000d56ad4b8) 
thrown [s\src\hotspot\share\prims\jni.cpp, line 520]
Event: 5190.366 Thread 0x00000273637c2c50 Exception <a 'sun/nio/fs/WindowsException'{0x00000000d572aea8}> (0x00000000d572aea8) 
thrown [s\src\hotspot\share\prims\jni.cpp, line 520]
Event: 5199.669 Thread 0x00000273637c2c50 Exception <a 'sun/nio/fs/WindowsException'{0x00000000d5ae5480}> (0x00000000d5ae5480) 
thrown [s\src\hotspot\share\prims\jni.cpp, line 520]
Event: 5200.092 Thread 0x00000273637c2c50 Exception <a 'sun/nio/fs/WindowsException'{0x00000000d5646b70}> (0x00000000d5646b70) 
thrown [s\src\hotspot\share\prims\jni.cpp, line 520]
Event: 5335.551 Thread 0x00000273637c32e0 Exception <a 'sun/nio/fs/WindowsException'{0x00000000d56ae698}> (0x00000000d56ae698) 
thrown [s\src\hotspot\share\prims\jni.cpp, line 520]
Event: 5335.551 Thread 0x00000273637c32e0 Exception <a 'sun/nio/fs/WindowsException'{0x00000000d56af0c0}> (0x00000000d56af0c0) 
thrown [s\src\hotspot\share\prims\jni.cpp, line 520]

ZGC Phase Switch (0 events):
No events

VM Operations (20 events):
Event: 5302.720 Executing safepoint VM operation: ParallelGCFailedAllocation (Allocation Failure)
Event: 5302.723 Executing safepoint VM operation: ParallelGCFailedAllocation (Allocation Failure) done
Event: 5302.732 Executing safepoint VM operation: ParallelGCFailedAllocation (Allocation Failure)
Event: 5302.735 Executing safepoint VM operation: ParallelGCFailedAllocation (Allocation Failure) done
Event: 5302.746 Executing safepoint VM operation: ParallelGCFailedAllocation (Allocation Failure)
Event: 5302.748 Executing safepoint VM operation: ParallelGCFailedAllocation (Allocation Failure) done
Event: 5303.761 Executing safepoint VM operation: Cleanup
Event: 5303.761 Executing safepoint VM operation: Cleanup done
Event: 5335.936 Executing safepoint VM operation: Cleanup
Event: 5335.936 Executing safepoint VM operation: Cleanup done
Event: 5351.204 Executing non-safepoint VM operation: HandshakeAllThreads (HandshakeForDeflation)
Event: 5351.204 Executing non-safepoint VM operation: HandshakeAllThreads (HandshakeForDeflation) done
Event: 5351.204 Executing non-safepoint VM operation: RendezvousGCThreads
Event: 5351.204 Executing non-safepoint VM operation: RendezvousGCThreads done
Event: 5363.929 Executing safepoint VM operation: ParallelGCFailedAllocation (Allocation Failure)
Event: 5363.934 Executing safepoint VM operation: ParallelGCFailedAllocation (Allocation Failure) done
Event: 5363.957 Executing safepoint VM operation: ParallelGCFailedAllocation (Allocation Failure)
Event: 5363.958 Executing safepoint VM operation: ParallelGCFailedAllocation (Allocation Failure) done
Event: 5377.041 Executing safepoint VM operation: Cleanup
Event: 5377.041 Executing safepoint VM operation: Cleanup done

Memory protections (0 events):
No events

Nmethod flushes (20 events):
Event: 3884.226 Thread 0x000002731c3928c0 flushing  nmethod 0x000002730af43e10
Event: 3884.226 Thread 0x000002731c3928c0 flushing  nmethod 0x000002730af46c10
Event: 3884.226 Thread 0x000002731c3928c0 flushing  nmethod 0x000002730af58290
Event: 3884.226 Thread 0x000002731c3928c0 flushing  nmethod 0x000002730af63890
Event: 3884.226 Thread 0x000002731c3928c0 flushing  nmethod 0x000002730afecf10
Event: 3884.226 Thread 0x000002731c3928c0 flushing  nmethod 0x000002730b000f90
Event: 3884.226 Thread 0x000002731c3928c0 flushing  nmethod 0x000002730b015710
Event: 3884.226 Thread 0x000002731c3928c0 flushing  nmethod 0x000002730b015c10
Event: 3884.226 Thread 0x000002731c3928c0 flushing  nmethod 0x000002730b01eb10
Event: 3884.226 Thread 0x000002731c3928c0 flushing osr nmethod 0x000002730b01ee90
Event: 3884.226 Thread 0x000002731c3928c0 flushing  nmethod 0x000002730b051910
Event: 3884.226 Thread 0x000002731c3928c0 flushing  nmethod 0x000002730b063590
Event: 3884.226 Thread 0x000002731c3928c0 flushing  nmethod 0x000002730b064490
Event: 3884.226 Thread 0x000002731c3928c0 flushing  nmethod 0x000002730b09f410
Event: 3884.226 Thread 0x000002731c3928c0 flushing  nmethod 0x000002730b0c1390
Event: 3884.226 Thread 0x000002731c3928c0 flushing  nmethod 0x000002730b0e9190
Event: 3884.226 Thread 0x000002731c3928c0 flushing  nmethod 0x000002730b0f6690
Event: 3884.226 Thread 0x000002731c3928c0 flushing  nmethod 0x000002730b14a310
Event: 3884.226 Thread 0x000002731c3928c0 flushing  nmethod 0x000002730b1b1610
Event: 3884.226 Thread 0x000002731c3928c0 flushing  nmethod 0x000002730b294390

Events (20 events):
Event: 5123.494 Thread 0x000002731c3c2160 Thread added: 0x000002736713e7e0
Event: 5124.047 Thread 0x000002736713e7e0 Thread exited: 0x000002736713e7e0
Event: 5141.654 Thread 0x000002731c3c2160 Thread added: 0x000002736713e7e0
Event: 5146.719 Thread 0x000002736713e7e0 Thread exited: 0x000002736713e7e0
Event: 5223.091 Thread 0x000002731c3bb320 Thread added: 0x0000027367144740
Event: 5228.881 Thread 0x0000027367144740 Thread exited: 0x0000027367144740
Event: 5259.944 Thread 0x00000273655955e0 Thread exited: 0x00000273655955e0
Event: 5260.084 Thread 0x00000273660ba7e0 Thread exited: 0x00000273660ba7e0
Event: 5261.588 Thread 0x0000027365599780 Thread exited: 0x0000027365599780
Event: 5261.593 Thread 0x00000273660b9430 Thread exited: 0x00000273660b9430
Event: 5335.549 Thread 0x00000273637c32e0 Thread added: 0x00000273637c1210
Event: 5335.550 Thread 0x00000273637c1210 Thread exited: 0x00000273637c1210
Event: 5335.551 Thread 0x00000273637c32e0 Thread added: 0x00000273637c1210
Event: 5335.552 Thread 0x00000273637c1210 Thread exited: 0x00000273637c1210
Event: 5432.780 Thread 0x00000273655976b0 Thread exited: 0x00000273655976b0
Event: 5440.934 Thread 0x00000273660b8da0 Thread exited: 0x00000273660b8da0
Event: 5464.341 Thread 0x00000273655990f0 Thread exited: 0x00000273655990f0
Event: 5484.484 Thread 0x0000027365593ba0 Thread exited: 0x0000027365593ba0
Event: 5490.315 Thread 0x0000027365594f50 Thread exited: 0x0000027365594f50
Event: 5499.848 Thread 0x0000027365595c70 Thread exited: 0x0000027365595c70


Dynamic libraries:
0x00007ff698c00000 - 0x00007ff698c0e000 	c:\Users\xee\.vscode\extensions\redhat.java-1.53.0-win32-x64\jre\21.0.10-win32-x86_64\bin\java.exe
0x00007ffdc4be0000 - 0x00007ffdc4e47000 	C:\WINDOWS\SYSTEM32\ntdll.dll
0x00007ffdc30e0000 - 0x00007ffdc31a9000 	C:\WINDOWS\System32\KERNEL32.DLL
0x00007ffdc14c0000 - 0x00007ffdc18b1000 	C:\WINDOWS\System32\KERNELBASE.dll
0x00007ffdc2510000 - 0x00007ffdc265b000 	C:\WINDOWS\System32\ucrtbase.dll
0x00007ffd8d690000 - 0x00007ffd8d6a8000 	c:\Users\xee\.vscode\extensions\redhat.java-1.53.0-win32-x64\jre\21.0.10-win32-x86_64\bin\jli.dll
0x00007ffdc3dc0000 - 0x00007ffdc3f85000 	C:\WINDOWS\System32\USER32.dll
0x00007ffdc2950000 - 0x00007ffdc2977000 	C:\WINDOWS\System32\win32u.dll
0x00007ffdc3570000 - 0x00007ffdc359b000 	C:\WINDOWS\System32\GDI32.dll
0x00007ffd9bfe0000 - 0x00007ffd9c273000 	C:\WINDOWS\WinSxS\amd64_microsoft.windows.common-controls_6595b64144ccf1df_6.0.26100.8037_none_3e092faae333b53b\COMCTL32.dll
0x00007ffdc38a0000 - 0x00007ffdc3949000 	C:\WINDOWS\System32\msvcrt.dll
0x00007ffdc1950000 - 0x00007ffdc1a7b000 	C:\WINDOWS\System32\gdi32full.dll
0x00007ffdc1a80000 - 0x00007ffdc1b23000 	C:\WINDOWS\System32\msvcp_win.dll
0x00007ffd8ae40000 - 0x00007ffd8ae5e000 	c:\Users\xee\.vscode\extensions\redhat.java-1.53.0-win32-x64\jre\21.0.10-win32-x86_64\bin\VCRUNTIME140.dll
0x00007ffdc31b0000 - 0x00007ffdc31e1000 	C:\WINDOWS\System32\IMM32.DLL
0x00007ffda99c0000 - 0x00007ffda99cc000 	c:\Users\xee\.vscode\extensions\redhat.java-1.53.0-win32-x64\jre\21.0.10-win32-x86_64\bin\vcruntime140_1.dll
0x00007ffd62720000 - 0x00007ffd627ad000 	c:\Users\xee\.vscode\extensions\redhat.java-1.53.0-win32-x64\jre\21.0.10-win32-x86_64\bin\msvcp140.dll
0x00007ffd51880000 - 0x00007ffd52621000 	c:\Users\xee\.vscode\extensions\redhat.java-1.53.0-win32-x64\jre\21.0.10-win32-x86_64\bin\server\jvm.dll
0x00007ffdc40a0000 - 0x00007ffdc415b000 	C:\WINDOWS\System32\ADVAPI32.dll
0x00007ffdc4380000 - 0x00007ffdc4427000 	C:\WINDOWS\System32\sechost.dll
0x00007ffdc4160000 - 0x00007ffdc4278000 	C:\WINDOWS\System32\RPCRT4.dll
0x00007ffdc4280000 - 0x00007ffdc42f4000 	C:\WINDOWS\System32\WS2_32.dll
0x00007ffdb3930000 - 0x00007ffdb393b000 	C:\WINDOWS\SYSTEM32\VERSION.dll
0x00007ffdc1320000 - 0x00007ffdc137e000 	C:\WINDOWS\SYSTEM32\POWRPROF.dll
0x00007ffdb4030000 - 0x00007ffdb4065000 	C:\WINDOWS\SYSTEM32\WINMM.dll
0x00007ffdc1300000 - 0x00007ffdc1314000 	C:\WINDOWS\SYSTEM32\UMPDC.dll
0x00007ffdc0210000 - 0x00007ffdc022b000 	C:\WINDOWS\SYSTEM32\kernel.appcore.dll
0x00007ffd99af0000 - 0x00007ffd99afa000 	c:\Users\xee\.vscode\extensions\redhat.java-1.53.0-win32-x64\jre\21.0.10-win32-x86_64\bin\jimage.dll
0x00007ffdbf220000 - 0x00007ffdbf462000 	C:\WINDOWS\SYSTEM32\DBGHELP.DLL
0x00007ffdc3a30000 - 0x00007ffdc3db2000 	C:\WINDOWS\System32\combase.dll
0x00007ffdc3490000 - 0x00007ffdc3567000 	C:\WINDOWS\System32\OLEAUT32.dll
0x00007ffd9adf0000 - 0x00007ffd9ae2b000 	C:\WINDOWS\SYSTEM32\dbgcore.DLL
0x00007ffdc1bf0000 - 0x00007ffdc1c95000 	C:\WINDOWS\System32\bcryptPrimitives.dll
0x00007ffd8da50000 - 0x00007ffd8da5f000 	c:\Users\xee\.vscode\extensions\redhat.java-1.53.0-win32-x64\jre\21.0.10-win32-x86_64\bin\instrument.dll
0x00007ffd87790000 - 0x00007ffd877b0000 	c:\Users\xee\.vscode\extensions\redhat.java-1.53.0-win32-x64\jre\21.0.10-win32-x86_64\bin\java.dll
0x00007ffdc4430000 - 0x00007ffdc4b8f000 	C:\WINDOWS\System32\SHELL32.dll
0x00007ffdc27e0000 - 0x00007ffdc294a000 	C:\WINDOWS\System32\wintypes.dll
0x00007ffdc1ca0000 - 0x00007ffdc2504000 	C:\WINDOWS\System32\windows.storage.dll
0x00007ffdc3390000 - 0x00007ffdc3487000 	C:\WINDOWS\System32\SHCORE.dll
0x00007ffdc3950000 - 0x00007ffdc39b7000 	C:\WINDOWS\System32\shlwapi.dll
0x00007ffdc13e0000 - 0x00007ffdc1409000 	C:\WINDOWS\SYSTEM32\profapi.dll
0x00007ffd86db0000 - 0x00007ffd86dc8000 	c:\Users\xee\.vscode\extensions\redhat.java-1.53.0-win32-x64\jre\21.0.10-win32-x86_64\bin\zip.dll
0x00007ffd8afc0000 - 0x00007ffd8afd0000 	C:\Users\xee\.vscode\extensions\redhat.java-1.53.0-win32-x64\jre\21.0.10-win32-x86_64\bin\net.dll
0x00007ffdad060000 - 0x00007ffdad187000 	C:\WINDOWS\SYSTEM32\WINHTTP.dll
0x00007ffdc0760000 - 0x00007ffdc07cb000 	C:\WINDOWS\system32\mswsock.dll
0x00007ffd86d90000 - 0x00007ffd86da6000 	C:\Users\xee\.vscode\extensions\redhat.java-1.53.0-win32-x64\jre\21.0.10-win32-x86_64\bin\nio.dll
0x00007ffd8a040000 - 0x00007ffd8a050000 	c:\Users\xee\.vscode\extensions\redhat.java-1.53.0-win32-x64\jre\21.0.10-win32-x86_64\bin\verify.dll
0x00007ffd84560000 - 0x00007ffd845a5000 	C:\Users\xee\AppData\Roaming\Code\User\globalStorage\redhat.java\1.53.0\config_win\org.eclipse.equinox.launcher\org.eclipse.equinox.launcher.win32.win32.x86_64_1.3.0.v20260203-2149\eclipse_11919.dll
0x00007ffdc35a0000 - 0x00007ffdc3735000 	C:\WINDOWS\System32\ole32.dll
0x00007ffd89940000 - 0x00007ffd8994a000 	C:\Users\xee\.vscode\extensions\redhat.java-1.53.0-win32-x64\jre\21.0.10-win32-x86_64\bin\management.dll
0x00007ffd889d0000 - 0x00007ffd889dc000 	C:\Users\xee\.vscode\extensions\redhat.java-1.53.0-win32-x64\jre\21.0.10-win32-x86_64\bin\management_ext.dll
0x00007ffdc2ef0000 - 0x00007ffdc2ef8000 	C:\WINDOWS\System32\PSAPI.DLL
0x00007ffdc0b60000 - 0x00007ffdc0b7b000 	C:\WINDOWS\SYSTEM32\CRYPTSP.dll
0x00007ffdc0170000 - 0x00007ffdc01a9000 	C:\WINDOWS\system32\rsaenh.dll
0x00007ffdc0810000 - 0x00007ffdc0842000 	C:\WINDOWS\SYSTEM32\USERENV.dll
0x00007ffdc13b0000 - 0x00007ffdc13da000 	C:\WINDOWS\SYSTEM32\bcrypt.dll
0x00007ffdc09c0000 - 0x00007ffdc09cc000 	C:\WINDOWS\SYSTEM32\CRYPTBASE.dll
0x00007ffdbfb70000 - 0x00007ffdbfba3000 	C:\WINDOWS\SYSTEM32\IPHLPAPI.DLL
0x00007ffdc3270000 - 0x00007ffdc327a000 	C:\WINDOWS\System32\NSI.dll
0x00007ffd6f530000 - 0x00007ffd6f579000 	C:\Users\xee\AppData\Local\Temp\jna-118552\jna9667747841183461001.dll
0x00007ffdad640000 - 0x00007ffdad65d000 	C:\WINDOWS\SYSTEM32\dhcpcsvc6.DLL
0x00007ffdad610000 - 0x00007ffdad633000 	C:\WINDOWS\SYSTEM32\dhcpcsvc.DLL
0x00007ffd87f00000 - 0x00007ffd87f0e000 	C:\Users\xee\.vscode\extensions\redhat.java-1.53.0-win32-x64\jre\21.0.10-win32-x86_64\bin\sunmscapi.dll
0x00007ffdc2660000 - 0x00007ffdc27d7000 	C:\WINDOWS\System32\CRYPT32.dll
0x00007ffdc0cc0000 - 0x00007ffdc0cf0000 	C:\WINDOWS\SYSTEM32\ncrypt.dll
0x00007ffdc0c70000 - 0x00007ffdc0caf000 	C:\WINDOWS\SYSTEM32\NTASN1.dll
0x00007ffd86bd0000 - 0x00007ffd86bd9000 	C:\Users\xee\.vscode\extensions\redhat.java-1.53.0-win32-x64\jre\21.0.10-win32-x86_64\bin\extnet.dll
0x00007ffdbfcf0000 - 0x00007ffdbfe1a000 	C:\WINDOWS\SYSTEM32\DNSAPI.dll
0x00007ffdb3970000 - 0x00007ffdb397b000 	C:\Windows\System32\rasadhlp.dll
0x00007ffdada70000 - 0x00007ffdadaf6000 	C:\WINDOWS\System32\fwpuclnt.dll

JVMTI agents:
c:\Users\xee\.vscode\extensions\redhat.java-1.53.0-win32-x64\lombok\lombok-1.18.39-4050.jar path:c:\Users\xee\.vscode\extensions\redhat.java-1.53.0-win32-x64\jre\21.0.10-win32-x86_64\bin\instrument.dll, loaded, initialized, instrumentlib options:none

dbghelp: loaded successfully - version: 4.0.5 - missing functions: none
symbol engine: initialized successfully - sym options: 0x614 - pdb path: .;c:\Users\xee\.vscode\extensions\redhat.java-1.53.0-win32-x64\jre\21.0.10-win32-x86_64\bin;C:\WINDOWS\SYSTEM32;C:\WINDOWS\WinSxS\amd64_microsoft.windows.common-controls_6595b64144ccf1df_6.0.26100.8037_none_3e092faae333b53b;c:\Users\xee\.vscode\extensions\redhat.java-1.53.0-win32-x64\jre\21.0.10-win32-x86_64\bin\server;C:\Users\xee\AppData\Roaming\Code\User\globalStorage\redhat.java\1.53.0\config_win\org.eclipse.equinox.launcher\org.eclipse.equinox.launcher.win32.win32.x86_64_1.3.0.v20260203-2149;C:\Users\xee\AppData\Local\Temp\jna-118552

VM Arguments:
jvm_args: --add-modules=ALL-SYSTEM --add-opens=java.base/java.util=ALL-UNNAMED --add-opens=java.base/java.lang=ALL-UNNAMED --add-opens=java.base/sun.nio.fs=ALL-UNNAMED -Declipse.application=org.eclipse.jdt.ls.core.id1 -Dosgi.bundles.defaultStartLevel=4 -Declipse.product=org.eclipse.jdt.ls.core.product -Djava.import.generatesMetadataFilesAtProjectRoot=false -DDetectVMInstallationsJob.disabled=true -Dfile.encoding=utf8 -XX:+UseParallelGC -XX:GCTimeRatio=4 -XX:AdaptiveSizePolicyWeight=90 -Dsun.zip.disableMemoryMapping=true -Xmx2G -Xms100m -Xlog:disable -javaagent:c:\Users\xee\.vscode\extensions\redhat.java-1.53.0-win32-x64\lombok\lombok-1.18.39-4050.jar -XX:+HeapDumpOnOutOfMemoryError -XX:HeapDumpPath=c:\Users\xee\AppData\Roaming\Code\User\workspaceStorage\bb70551b959d2372c7716e9d4e753933\redhat.java -Daether.dependencyCollector.impl=bf 
java_command: c:\Users\xee\.vscode\extensions\redhat.java-1.53.0-win32-x64\server\plugins\org.eclipse.equinox.launcher_1.7.100.v20251111-0406.jar -configuration c:\Users\xee\AppData\Roaming\Code\User\globalStorage\redhat.java\1.53.0\config_win -data c:\Users\xee\AppData\Roaming\Code\User\workspaceStorage\bb70551b959d2372c7716e9d4e753933\redhat.java\jdt_ws --pipe=\\.\pipe\lsp-e64d5d99c4bfb8b463507160d71b16ff-sock
java_class_path (initial): c:\Users\xee\.vscode\extensions\redhat.java-1.53.0-win32-x64\server\plugins\org.eclipse.equinox.launcher_1.7.100.v20251111-0406.jar
Launcher Type: SUN_STANDARD

[Global flags]
    uintx AdaptiveSizePolicyWeight                 = 90                                        {product} {command line}
     intx CICompilerCount                          = 4                                         {product} {ergonomic}
    uintx GCTimeRatio                              = 4                                         {product} {command line}
     bool HeapDumpOnOutOfMemoryError               = true                                   {manageable} {command line}
    ccstr HeapDumpPath                             = c:\Users\xee\AppData\Roaming\Code\User\workspaceStorage\bb70551b959d2372c7716e9d4e753933\redhat.java         {manageable} {command line}
   size_t InitialHeapSize                          = 104857600                                 {product} {command line}
   size_t MaxHeapSize                              = 2147483648                                {product} {command line}
   size_t MaxNewSize                               = 715653120                                 {product} {ergonomic}
   size_t MinHeapDeltaBytes                        = 524288                                    {product} {ergonomic}
   size_t MinHeapSize                              = 104857600                                 {product} {command line}
   size_t NewSize                                  = 34603008                                  {product} {ergonomic}
    uintx NonNMethodCodeHeapSize                   = 5839372                                {pd product} {ergonomic}
    uintx NonProfiledCodeHeapSize                  = 122909434                              {pd product} {ergonomic}
   size_t OldSize                                  = 70254592                                  {product} {ergonomic}
    uintx ProfiledCodeHeapSize                     = 122909434                              {pd product} {ergonomic}
    uintx ReservedCodeCacheSize                    = 251658240                              {pd product} {ergonomic}
     bool SegmentedCodeCache                       = true                                      {product} {ergonomic}
   size_t SoftMaxHeapSize                          = 2147483648                             {manageable} {ergonomic}
     bool UseCompressedOops                        = true                           {product lp64_product} {ergonomic}
     bool UseLargePagesIndividualAllocation        = false                                  {pd product} {ergonomic}
     bool UseParallelGC                            = true                                      {product} {command line}

Logging:
Log output configuration:
 #0: stdout all=off uptime,level,tags foldmultilines=false
 #1: stderr all=off uptime,level,tags foldmultilines=false

Release file:
JAVA_VERSION="21.0.10" 
MODULES="java.base java.compiler java.datatransfer java.xml java.prefs java.desktop java.instrument java.logging java.management java.security.sasl java.naming java.rmi java.management.rmi java.net.http java.scripting java.security.jgss java.transaction.xa java.sql java.sql.rowset java.xml.crypto java.se java.smartcardio jdk.accessibility jdk.internal.jvmstat jdk.attach jdk.charsets jdk.internal.opt jdk.zipfs jdk.compiler jdk.crypto.ec jdk.crypto.cryptoki jdk.crypto.mscapi jdk.dynalink jdk.internal.ed jdk.editpad jdk.hotspot.agent jdk.httpserver jdk.internal.le jdk.internal.vm.ci jdk.internal.vm.compiler jdk.internal.vm.compiler.management jdk.jartool jdk.javadoc jdk.jcmd jdk.management jdk.management.agent jdk.jconsole jdk.jdeps jdk.jdwp.agent jdk.jdi jdk.jfr jdk.jshell jdk.jsobject jdk.jstatd jdk.localedata jdk.management.jfr jdk.naming.dns jdk.naming.rmi jdk.net jdk.nio.mapmode jdk.random jdk.sctp jdk.security.auth jdk.security.jgss jdk.unsupported jdk.unsupported.desktop jdk.xml.dom" 

Environment Variables:
PATH=C:\Program Files\Common Files\Oracle\Java\javapath;C:\WINDOWS\system32;C:\WINDOWS;C:\WINDOWS\System32\Wbem;C:\WINDOWS\System32\WindowsPowerShell\v1.0\;C:\WINDOWS\System32\OpenSSH\;C:\Program Files\dotnet\;F:\dev_soft\Git\cmd;F:\dev_soft\nodejs\;F:\dev_soft\apache-maven-3.9.9\bin;F:\dev_soft\jdk-17\bin;F:\dev_soft\MySQL\MySQL Server 8.0\bin;;C:\Program Files\Docker\Docker\resources\bin;C:\Users\xee\AppData\Local\Microsoft\WindowsApps;;F:\dev_soft\IntelliJ IDEA 2024.1.7\bin;;F:\dev_soft\Microsoft VS Code\bin;C:\Users\xee\AppData\Roaming\npm;D:\APPdata\cursor\resources\app\bin
USERNAME=xee
OS=Windows_NT
PROCESSOR_IDENTIFIER=Intel64 Family 6 Model 140 Stepping 2, GenuineIntel
TMP=C:\Users\xee\AppData\Local\Temp
TEMP=C:\Users\xee\AppData\Local\Temp




Periodic native trim disabled

---------------  S Y S T E M  ---------------

OS:
 Windows 11 , 64 bit Build 26100 (10.0.26100.7920)
OS uptime: 8 days 11:55 hours
Hyper-V role detected

CPU: total 8 (initial active 8) (4 cores per cpu, 2 threads per core) family 6 model 140 stepping 2 microcode 0x3c, cx8, cmov, fxsr, ht, mmx, 3dnowpref, sse, sse2, sse3, ssse3, sse4.1, sse4.2, popcnt, lzcnt, tsc, tscinvbit, avx, avx2, aes, erms, clmul, bmi1, bmi2, adx, avx512f, avx512dq, avx512cd, avx512bw, avx512vl, sha, fma, vzeroupper, avx512_vpopcntdq, avx512_vpclmulqdq, avx512_vaes, avx512_vnni, clflush, clflushopt, clwb, avx512_vbmi2, avx512_vbmi, hv, rdtscp, rdpid, fsrm, gfni, avx512_bitalg, f16c, cet_ibt, cet_ss, avx512_ifma
Processor Information for processor 0
  Max Mhz: 2496, Current Mhz: 2496, Mhz Limit: 2496
Processor Information for processor 1
  Max Mhz: 2496, Current Mhz: 2496, Mhz Limit: 2496
Processor Information for processor 2
  Max Mhz: 2496, Current Mhz: 2496, Mhz Limit: 2496
Processor Information for processor 3
  Max Mhz: 2496, Current Mhz: 2496, Mhz Limit: 2496
Processor Information for processor 4
  Max Mhz: 2496, Current Mhz: 2496, Mhz Limit: 2496
Processor Information for processor 5
  Max Mhz: 2496, Current Mhz: 2496, Mhz Limit: 2496
Processor Information for processor 6
  Max Mhz: 2496, Current Mhz: 1198, Mhz Limit: 2496
Processor Information for processor 7
  Max Mhz: 2496, Current Mhz: 2496, Mhz Limit: 2496

Memory: 4k page, system-wide physical 16122M (955M free)
TotalPageFile size 37116M (AvailPageFile size 3M)
current process WorkingSet (physical memory assigned to process): 30M, peak: 1554M
current process commit charge ("private bytes"): 1578M, peak: 1769M

vm_info: OpenJDK 64-Bit Server VM (21.0.10+7-LTS) for windows-amd64 JRE (21.0.10+7-LTS), built on 2026-01-20T00:00:00Z by "admin" with MS VC++ 17.12 (VS2022)

END.
